[2025-05-07T11:57:20.984+0000] {processor.py:153} INFO - Started process (PID=164) to work on /opt/airflow/dags/csv_to_postgres.py
[2025-05-07T11:57:20.987+0000] {processor.py:743} INFO - Processing file /opt/airflow/dags/csv_to_postgres.py for tasks to queue
[2025-05-07T11:57:20.989+0000] {logging_mixin.py:137} INFO - [2025-05-07T11:57:20.989+0000] {dagbag.py:538} INFO - Filling up the DagBag from /opt/airflow/dags/csv_to_postgres.py
[2025-05-07T11:57:22.358+0000] {processor.py:753} INFO - DAG(s) dict_keys(['csv_to_postgres']) retrieved from /opt/airflow/dags/csv_to_postgres.py
[2025-05-07T11:57:22.403+0000] {logging_mixin.py:137} INFO - [2025-05-07T11:57:22.403+0000] {dag.py:2676} INFO - Sync 1 DAGs
[2025-05-07T11:57:22.433+0000] {logging_mixin.py:137} INFO - [2025-05-07T11:57:22.433+0000] {dag.py:3427} INFO - Setting next_dagrun for csv_to_postgres to 2025-05-07T11:55:00+00:00, run_after=2025-05-07T12:00:00+00:00
[2025-05-07T11:57:22.445+0000] {processor.py:175} INFO - Processing /opt/airflow/dags/csv_to_postgres.py took 1.474 seconds
[2025-05-07T11:57:52.610+0000] {processor.py:153} INFO - Started process (PID=174) to work on /opt/airflow/dags/csv_to_postgres.py
[2025-05-07T11:57:52.615+0000] {processor.py:743} INFO - Processing file /opt/airflow/dags/csv_to_postgres.py for tasks to queue
[2025-05-07T11:57:52.616+0000] {logging_mixin.py:137} INFO - [2025-05-07T11:57:52.615+0000] {dagbag.py:538} INFO - Filling up the DagBag from /opt/airflow/dags/csv_to_postgres.py
[2025-05-07T11:57:52.828+0000] {processor.py:753} INFO - DAG(s) dict_keys(['csv_to_postgres']) retrieved from /opt/airflow/dags/csv_to_postgres.py
[2025-05-07T11:57:52.908+0000] {logging_mixin.py:137} INFO - [2025-05-07T11:57:52.907+0000] {dag.py:2676} INFO - Sync 1 DAGs
[2025-05-07T11:57:52.931+0000] {logging_mixin.py:137} INFO - [2025-05-07T11:57:52.931+0000] {dag.py:3427} INFO - Setting next_dagrun for csv_to_postgres to 2025-05-07T11:55:00+00:00, run_after=2025-05-07T12:00:00+00:00
[2025-05-07T11:57:53.166+0000] {processor.py:175} INFO - Processing /opt/airflow/dags/csv_to_postgres.py took 0.559 seconds
[2025-05-07T11:58:23.852+0000] {processor.py:153} INFO - Started process (PID=180) to work on /opt/airflow/dags/csv_to_postgres.py
[2025-05-07T11:58:23.894+0000] {processor.py:743} INFO - Processing file /opt/airflow/dags/csv_to_postgres.py for tasks to queue
[2025-05-07T11:58:23.912+0000] {logging_mixin.py:137} INFO - [2025-05-07T11:58:23.912+0000] {dagbag.py:538} INFO - Filling up the DagBag from /opt/airflow/dags/csv_to_postgres.py
[2025-05-07T11:58:24.418+0000] {processor.py:753} INFO - DAG(s) dict_keys(['csv_to_postgres']) retrieved from /opt/airflow/dags/csv_to_postgres.py
[2025-05-07T11:58:24.492+0000] {logging_mixin.py:137} INFO - [2025-05-07T11:58:24.492+0000] {dag.py:2676} INFO - Sync 1 DAGs
[2025-05-07T11:58:24.704+0000] {logging_mixin.py:137} INFO - [2025-05-07T11:58:24.704+0000] {dag.py:3427} INFO - Setting next_dagrun for csv_to_postgres to 2025-05-07T11:55:00+00:00, run_after=2025-05-07T12:00:00+00:00
[2025-05-07T11:58:24.723+0000] {processor.py:175} INFO - Processing /opt/airflow/dags/csv_to_postgres.py took 0.881 seconds
[2025-05-07T11:58:55.868+0000] {processor.py:153} INFO - Started process (PID=186) to work on /opt/airflow/dags/csv_to_postgres.py
[2025-05-07T11:58:55.876+0000] {processor.py:743} INFO - Processing file /opt/airflow/dags/csv_to_postgres.py for tasks to queue
[2025-05-07T11:58:55.883+0000] {logging_mixin.py:137} INFO - [2025-05-07T11:58:55.882+0000] {dagbag.py:538} INFO - Filling up the DagBag from /opt/airflow/dags/csv_to_postgres.py
[2025-05-07T11:59:08.058+0000] {processor.py:753} INFO - DAG(s) dict_keys(['csv_to_postgres']) retrieved from /opt/airflow/dags/csv_to_postgres.py
[2025-05-07T11:59:09.029+0000] {logging_mixin.py:137} INFO - [2025-05-07T11:59:09.029+0000] {dag.py:2676} INFO - Sync 1 DAGs
[2025-05-07T11:59:14.310+0000] {logging_mixin.py:137} INFO - [2025-05-07T11:59:14.308+0000] {dag.py:3427} INFO - Setting next_dagrun for csv_to_postgres to 2025-05-07T11:55:00+00:00, run_after=2025-05-07T12:00:00+00:00
[2025-05-07T11:59:14.711+0000] {processor.py:175} INFO - Processing /opt/airflow/dags/csv_to_postgres.py took 18.907 seconds
[2025-05-07T11:59:45.349+0000] {processor.py:153} INFO - Started process (PID=192) to work on /opt/airflow/dags/csv_to_postgres.py
[2025-05-07T11:59:45.365+0000] {processor.py:743} INFO - Processing file /opt/airflow/dags/csv_to_postgres.py for tasks to queue
[2025-05-07T11:59:45.366+0000] {logging_mixin.py:137} INFO - [2025-05-07T11:59:45.366+0000] {dagbag.py:538} INFO - Filling up the DagBag from /opt/airflow/dags/csv_to_postgres.py
[2025-05-07T11:59:46.162+0000] {processor.py:753} INFO - DAG(s) dict_keys(['csv_to_postgres']) retrieved from /opt/airflow/dags/csv_to_postgres.py
[2025-05-07T11:59:46.257+0000] {logging_mixin.py:137} INFO - [2025-05-07T11:59:46.257+0000] {dag.py:2676} INFO - Sync 1 DAGs
[2025-05-07T11:59:47.702+0000] {logging_mixin.py:137} INFO - [2025-05-07T11:59:47.702+0000] {dag.py:3427} INFO - Setting next_dagrun for csv_to_postgres to 2025-05-07T11:55:00+00:00, run_after=2025-05-07T12:00:00+00:00
[2025-05-07T11:59:47.717+0000] {processor.py:175} INFO - Processing /opt/airflow/dags/csv_to_postgres.py took 2.371 seconds
[2025-05-07T12:00:17.875+0000] {processor.py:153} INFO - Started process (PID=201) to work on /opt/airflow/dags/csv_to_postgres.py
[2025-05-07T12:00:17.877+0000] {processor.py:743} INFO - Processing file /opt/airflow/dags/csv_to_postgres.py for tasks to queue
[2025-05-07T12:00:17.878+0000] {logging_mixin.py:137} INFO - [2025-05-07T12:00:17.878+0000] {dagbag.py:538} INFO - Filling up the DagBag from /opt/airflow/dags/csv_to_postgres.py
[2025-05-07T12:00:18.119+0000] {processor.py:753} INFO - DAG(s) dict_keys(['csv_to_postgres']) retrieved from /opt/airflow/dags/csv_to_postgres.py
[2025-05-07T12:00:18.243+0000] {logging_mixin.py:137} INFO - [2025-05-07T12:00:18.243+0000] {dag.py:2676} INFO - Sync 1 DAGs
[2025-05-07T12:00:18.257+0000] {logging_mixin.py:137} INFO - [2025-05-07T12:00:18.257+0000] {dag.py:3427} INFO - Setting next_dagrun for csv_to_postgres to 2025-05-07T12:00:00+00:00, run_after=2025-05-07T12:05:00+00:00
[2025-05-07T12:00:18.267+0000] {processor.py:175} INFO - Processing /opt/airflow/dags/csv_to_postgres.py took 0.397 seconds
[2025-05-07T12:00:48.496+0000] {processor.py:153} INFO - Started process (PID=210) to work on /opt/airflow/dags/csv_to_postgres.py
[2025-05-07T12:00:48.498+0000] {processor.py:743} INFO - Processing file /opt/airflow/dags/csv_to_postgres.py for tasks to queue
[2025-05-07T12:00:48.500+0000] {logging_mixin.py:137} INFO - [2025-05-07T12:00:48.499+0000] {dagbag.py:538} INFO - Filling up the DagBag from /opt/airflow/dags/csv_to_postgres.py
[2025-05-07T12:00:48.648+0000] {processor.py:753} INFO - DAG(s) dict_keys(['csv_to_postgres']) retrieved from /opt/airflow/dags/csv_to_postgres.py
[2025-05-07T12:00:48.664+0000] {logging_mixin.py:137} INFO - [2025-05-07T12:00:48.664+0000] {dag.py:2676} INFO - Sync 1 DAGs
[2025-05-07T12:00:48.677+0000] {logging_mixin.py:137} INFO - [2025-05-07T12:00:48.677+0000] {dag.py:3427} INFO - Setting next_dagrun for csv_to_postgres to 2025-05-07T12:00:00+00:00, run_after=2025-05-07T12:05:00+00:00
[2025-05-07T12:00:48.687+0000] {processor.py:175} INFO - Processing /opt/airflow/dags/csv_to_postgres.py took 0.196 seconds
[2025-05-07T12:01:18.730+0000] {processor.py:153} INFO - Started process (PID=216) to work on /opt/airflow/dags/csv_to_postgres.py
[2025-05-07T12:01:18.731+0000] {processor.py:743} INFO - Processing file /opt/airflow/dags/csv_to_postgres.py for tasks to queue
[2025-05-07T12:01:18.732+0000] {logging_mixin.py:137} INFO - [2025-05-07T12:01:18.732+0000] {dagbag.py:538} INFO - Filling up the DagBag from /opt/airflow/dags/csv_to_postgres.py
[2025-05-07T12:01:18.888+0000] {processor.py:753} INFO - DAG(s) dict_keys(['csv_to_postgres']) retrieved from /opt/airflow/dags/csv_to_postgres.py
[2025-05-07T12:01:18.904+0000] {logging_mixin.py:137} INFO - [2025-05-07T12:01:18.904+0000] {dag.py:2676} INFO - Sync 1 DAGs
[2025-05-07T12:01:18.917+0000] {logging_mixin.py:137} INFO - [2025-05-07T12:01:18.917+0000] {dag.py:3427} INFO - Setting next_dagrun for csv_to_postgres to 2025-05-07T12:00:00+00:00, run_after=2025-05-07T12:05:00+00:00
[2025-05-07T12:01:19.002+0000] {processor.py:175} INFO - Processing /opt/airflow/dags/csv_to_postgres.py took 0.276 seconds
[2025-05-07T12:01:49.158+0000] {processor.py:153} INFO - Started process (PID=222) to work on /opt/airflow/dags/csv_to_postgres.py
[2025-05-07T12:01:49.159+0000] {processor.py:743} INFO - Processing file /opt/airflow/dags/csv_to_postgres.py for tasks to queue
[2025-05-07T12:01:49.160+0000] {logging_mixin.py:137} INFO - [2025-05-07T12:01:49.160+0000] {dagbag.py:538} INFO - Filling up the DagBag from /opt/airflow/dags/csv_to_postgres.py
[2025-05-07T12:01:49.308+0000] {processor.py:753} INFO - DAG(s) dict_keys(['csv_to_postgres']) retrieved from /opt/airflow/dags/csv_to_postgres.py
[2025-05-07T12:01:49.325+0000] {logging_mixin.py:137} INFO - [2025-05-07T12:01:49.324+0000] {dag.py:2676} INFO - Sync 1 DAGs
[2025-05-07T12:01:49.339+0000] {logging_mixin.py:137} INFO - [2025-05-07T12:01:49.339+0000] {dag.py:3427} INFO - Setting next_dagrun for csv_to_postgres to 2025-05-07T12:00:00+00:00, run_after=2025-05-07T12:05:00+00:00
[2025-05-07T12:01:49.422+0000] {processor.py:175} INFO - Processing /opt/airflow/dags/csv_to_postgres.py took 0.268 seconds
[2025-05-07T12:02:19.494+0000] {processor.py:153} INFO - Started process (PID=228) to work on /opt/airflow/dags/csv_to_postgres.py
[2025-05-07T12:02:19.495+0000] {processor.py:743} INFO - Processing file /opt/airflow/dags/csv_to_postgres.py for tasks to queue
[2025-05-07T12:02:19.496+0000] {logging_mixin.py:137} INFO - [2025-05-07T12:02:19.496+0000] {dagbag.py:538} INFO - Filling up the DagBag from /opt/airflow/dags/csv_to_postgres.py
[2025-05-07T12:02:19.643+0000] {processor.py:753} INFO - DAG(s) dict_keys(['csv_to_postgres']) retrieved from /opt/airflow/dags/csv_to_postgres.py
[2025-05-07T12:02:19.659+0000] {logging_mixin.py:137} INFO - [2025-05-07T12:02:19.659+0000] {dag.py:2676} INFO - Sync 1 DAGs
[2025-05-07T12:02:19.743+0000] {logging_mixin.py:137} INFO - [2025-05-07T12:02:19.743+0000] {dag.py:3427} INFO - Setting next_dagrun for csv_to_postgres to 2025-05-07T12:00:00+00:00, run_after=2025-05-07T12:05:00+00:00
[2025-05-07T12:02:19.751+0000] {processor.py:175} INFO - Processing /opt/airflow/dags/csv_to_postgres.py took 0.263 seconds
[2025-05-07T12:02:49.968+0000] {processor.py:153} INFO - Started process (PID=234) to work on /opt/airflow/dags/csv_to_postgres.py
[2025-05-07T12:02:49.969+0000] {processor.py:743} INFO - Processing file /opt/airflow/dags/csv_to_postgres.py for tasks to queue
[2025-05-07T12:02:49.970+0000] {logging_mixin.py:137} INFO - [2025-05-07T12:02:49.970+0000] {dagbag.py:538} INFO - Filling up the DagBag from /opt/airflow/dags/csv_to_postgres.py
[2025-05-07T12:02:50.128+0000] {processor.py:753} INFO - DAG(s) dict_keys(['csv_to_postgres']) retrieved from /opt/airflow/dags/csv_to_postgres.py
[2025-05-07T12:02:50.145+0000] {logging_mixin.py:137} INFO - [2025-05-07T12:02:50.144+0000] {dag.py:2676} INFO - Sync 1 DAGs
[2025-05-07T12:02:50.233+0000] {logging_mixin.py:137} INFO - [2025-05-07T12:02:50.233+0000] {dag.py:3427} INFO - Setting next_dagrun for csv_to_postgres to 2025-05-07T12:00:00+00:00, run_after=2025-05-07T12:05:00+00:00
[2025-05-07T12:02:50.242+0000] {processor.py:175} INFO - Processing /opt/airflow/dags/csv_to_postgres.py took 0.284 seconds
[2025-05-07T12:03:20.473+0000] {processor.py:153} INFO - Started process (PID=240) to work on /opt/airflow/dags/csv_to_postgres.py
[2025-05-07T12:03:20.474+0000] {processor.py:743} INFO - Processing file /opt/airflow/dags/csv_to_postgres.py for tasks to queue
[2025-05-07T12:03:20.475+0000] {logging_mixin.py:137} INFO - [2025-05-07T12:03:20.475+0000] {dagbag.py:538} INFO - Filling up the DagBag from /opt/airflow/dags/csv_to_postgres.py
[2025-05-07T12:03:20.618+0000] {processor.py:753} INFO - DAG(s) dict_keys(['csv_to_postgres']) retrieved from /opt/airflow/dags/csv_to_postgres.py
[2025-05-07T12:03:20.769+0000] {logging_mixin.py:137} INFO - [2025-05-07T12:03:20.768+0000] {dag.py:2676} INFO - Sync 1 DAGs
[2025-05-07T12:03:20.786+0000] {logging_mixin.py:137} INFO - [2025-05-07T12:03:20.786+0000] {dag.py:3427} INFO - Setting next_dagrun for csv_to_postgres to 2025-05-07T12:00:00+00:00, run_after=2025-05-07T12:05:00+00:00
[2025-05-07T12:03:20.799+0000] {processor.py:175} INFO - Processing /opt/airflow/dags/csv_to_postgres.py took 0.330 seconds
[2025-05-07T12:03:51.031+0000] {processor.py:153} INFO - Started process (PID=246) to work on /opt/airflow/dags/csv_to_postgres.py
[2025-05-07T12:03:51.034+0000] {processor.py:743} INFO - Processing file /opt/airflow/dags/csv_to_postgres.py for tasks to queue
[2025-05-07T12:03:51.035+0000] {logging_mixin.py:137} INFO - [2025-05-07T12:03:51.035+0000] {dagbag.py:538} INFO - Filling up the DagBag from /opt/airflow/dags/csv_to_postgres.py
[2025-05-07T12:03:51.184+0000] {processor.py:753} INFO - DAG(s) dict_keys(['csv_to_postgres']) retrieved from /opt/airflow/dags/csv_to_postgres.py
[2025-05-07T12:03:51.275+0000] {logging_mixin.py:137} INFO - [2025-05-07T12:03:51.274+0000] {dag.py:2676} INFO - Sync 1 DAGs
[2025-05-07T12:03:51.286+0000] {logging_mixin.py:137} INFO - [2025-05-07T12:03:51.286+0000] {dag.py:3427} INFO - Setting next_dagrun for csv_to_postgres to 2025-05-07T12:00:00+00:00, run_after=2025-05-07T12:05:00+00:00
[2025-05-07T12:03:51.294+0000] {processor.py:175} INFO - Processing /opt/airflow/dags/csv_to_postgres.py took 0.269 seconds
[2025-05-07T12:04:21.554+0000] {processor.py:153} INFO - Started process (PID=252) to work on /opt/airflow/dags/csv_to_postgres.py
[2025-05-07T12:04:21.556+0000] {processor.py:743} INFO - Processing file /opt/airflow/dags/csv_to_postgres.py for tasks to queue
[2025-05-07T12:04:21.556+0000] {logging_mixin.py:137} INFO - [2025-05-07T12:04:21.556+0000] {dagbag.py:538} INFO - Filling up the DagBag from /opt/airflow/dags/csv_to_postgres.py
[2025-05-07T12:04:21.693+0000] {processor.py:753} INFO - DAG(s) dict_keys(['csv_to_postgres']) retrieved from /opt/airflow/dags/csv_to_postgres.py
[2025-05-07T12:04:21.710+0000] {logging_mixin.py:137} INFO - [2025-05-07T12:04:21.710+0000] {dag.py:2676} INFO - Sync 1 DAGs
[2025-05-07T12:04:21.723+0000] {logging_mixin.py:137} INFO - [2025-05-07T12:04:21.723+0000] {dag.py:3427} INFO - Setting next_dagrun for csv_to_postgres to 2025-05-07T12:00:00+00:00, run_after=2025-05-07T12:05:00+00:00
[2025-05-07T12:04:21.732+0000] {processor.py:175} INFO - Processing /opt/airflow/dags/csv_to_postgres.py took 0.181 seconds
[2025-05-07T12:04:51.755+0000] {processor.py:153} INFO - Started process (PID=258) to work on /opt/airflow/dags/csv_to_postgres.py
[2025-05-07T12:04:51.756+0000] {processor.py:743} INFO - Processing file /opt/airflow/dags/csv_to_postgres.py for tasks to queue
[2025-05-07T12:04:51.757+0000] {logging_mixin.py:137} INFO - [2025-05-07T12:04:51.757+0000] {dagbag.py:538} INFO - Filling up the DagBag from /opt/airflow/dags/csv_to_postgres.py
[2025-05-07T12:04:51.899+0000] {processor.py:753} INFO - DAG(s) dict_keys(['csv_to_postgres']) retrieved from /opt/airflow/dags/csv_to_postgres.py
[2025-05-07T12:04:51.920+0000] {logging_mixin.py:137} INFO - [2025-05-07T12:04:51.919+0000] {dag.py:2676} INFO - Sync 1 DAGs
[2025-05-07T12:04:51.936+0000] {logging_mixin.py:137} INFO - [2025-05-07T12:04:51.936+0000] {dag.py:3427} INFO - Setting next_dagrun for csv_to_postgres to 2025-05-07T12:00:00+00:00, run_after=2025-05-07T12:05:00+00:00
[2025-05-07T12:04:52.033+0000] {processor.py:175} INFO - Processing /opt/airflow/dags/csv_to_postgres.py took 0.281 seconds
