[2025-05-07T11:53:09.567+0000] {manager.py:483} INFO - Processing files using up to 2 processes at a time 
[2025-05-07T11:53:09.569+0000] {manager.py:484} INFO - Process each file at most once every 30 seconds
[2025-05-07T11:53:09.569+0000] {manager.py:486} INFO - Checking for new files in /opt/airflow/dags every 300 seconds
[2025-05-07T11:53:09.569+0000] {manager.py:726} INFO - Searching for files in /opt/airflow/dags
[2025-05-07T11:53:09.571+0000] {manager.py:729} INFO - There are 0 files in /opt/airflow/dags
[2025-05-07T11:57:09.262+0000] {manager.py:465} INFO - Exiting gracefully upon receiving signal 15
[2025-05-07T11:57:20.827+0000] {manager.py:483} INFO - Processing files using up to 2 processes at a time 
[2025-05-07T11:57:20.842+0000] {manager.py:484} INFO - Process each file at most once every 30 seconds
[2025-05-07T11:57:20.846+0000] {manager.py:486} INFO - Checking for new files in /opt/airflow/dags every 300 seconds
[2025-05-07T11:57:20.847+0000] {manager.py:726} INFO - Searching for files in /opt/airflow/dags
[2025-05-07T11:57:20.875+0000] {manager.py:729} INFO - There are 1 files in /opt/airflow/dags
[2025-05-07T11:57:20.984+0000] {manager.py:851} INFO - 
================================================================================
DAG File Processing Stats

File Path                               PID  Runtime      # DAGs    # Errors  Last Runtime    Last Run
------------------------------------  -----  ---------  --------  ----------  --------------  ----------
/opt/airflow/dags/csv_to_postgres.py    164  0.03s             0           0
================================================================================
[2025-05-07T11:57:51.146+0000] {manager.py:851} INFO - 
================================================================================
DAG File Processing Stats

File Path                             PID    Runtime      # DAGs    # Errors  Last Runtime    Last Run
------------------------------------  -----  ---------  --------  ----------  --------------  -------------------
/opt/airflow/dags/csv_to_postgres.py                           1           0  1.51s           2025-05-07T11:57:22
================================================================================
[2025-05-07T11:58:21.304+0000] {manager.py:851} INFO - 
================================================================================
DAG File Processing Stats

File Path                             PID    Runtime      # DAGs    # Errors  Last Runtime    Last Run
------------------------------------  -----  ---------  --------  ----------  --------------  -------------------
/opt/airflow/dags/csv_to_postgres.py                           1           0  0.59s           2025-05-07T11:57:53
================================================================================
[2025-05-07T11:58:52.256+0000] {manager.py:851} INFO - 
================================================================================
DAG File Processing Stats

File Path                             PID    Runtime      # DAGs    # Errors  Last Runtime    Last Run
------------------------------------  -----  ---------  --------  ----------  --------------  -------------------
/opt/airflow/dags/csv_to_postgres.py                           1           0  0.96s           2025-05-07T11:58:24
================================================================================
[2025-05-07T11:59:23.232+0000] {manager.py:851} INFO - 
================================================================================
DAG File Processing Stats

File Path                             PID    Runtime      # DAGs    # Errors  Last Runtime    Last Run
------------------------------------  -----  ---------  --------  ----------  --------------  -------------------
/opt/airflow/dags/csv_to_postgres.py                           1           0  19.34s          2025-05-07T11:59:14
================================================================================
[2025-05-07T11:59:54.365+0000] {manager.py:851} INFO - 
================================================================================
DAG File Processing Stats

File Path                             PID    Runtime      # DAGs    # Errors  Last Runtime    Last Run
------------------------------------  -----  ---------  --------  ----------  --------------  -------------------
/opt/airflow/dags/csv_to_postgres.py                           1           0  2.49s           2025-05-07T11:59:47
================================================================================
[2025-05-07T12:00:24.901+0000] {manager.py:851} INFO - 
================================================================================
DAG File Processing Stats

File Path                             PID    Runtime      # DAGs    # Errors  Last Runtime    Last Run
------------------------------------  -----  ---------  --------  ----------  --------------  -------------------
/opt/airflow/dags/csv_to_postgres.py                           1           0  0.43s           2025-05-07T12:00:18
================================================================================
[2025-05-07T12:00:55.534+0000] {manager.py:851} INFO - 
================================================================================
DAG File Processing Stats

File Path                             PID    Runtime      # DAGs    # Errors  Last Runtime    Last Run
------------------------------------  -----  ---------  --------  ----------  --------------  -------------------
/opt/airflow/dags/csv_to_postgres.py                           1           0  0.21s           2025-05-07T12:00:48
================================================================================
[2025-05-07T12:01:25.948+0000] {manager.py:851} INFO - 
================================================================================
DAG File Processing Stats

File Path                             PID    Runtime      # DAGs    # Errors  Last Runtime    Last Run
------------------------------------  -----  ---------  --------  ----------  --------------  -------------------
/opt/airflow/dags/csv_to_postgres.py                           1           0  0.30s           2025-05-07T12:01:19
================================================================================
[2025-05-07T12:01:56.286+0000] {manager.py:851} INFO - 
================================================================================
DAG File Processing Stats

File Path                             PID    Runtime      # DAGs    # Errors  Last Runtime    Last Run
------------------------------------  -----  ---------  --------  ----------  --------------  -------------------
/opt/airflow/dags/csv_to_postgres.py                           1           0  0.29s           2025-05-07T12:01:49
================================================================================
[2025-05-07T12:02:21.669+0000] {manager.py:726} INFO - Searching for files in /opt/airflow/dags
[2025-05-07T12:02:21.678+0000] {manager.py:729} INFO - There are 1 files in /opt/airflow/dags
[2025-05-07T12:02:26.749+0000] {manager.py:851} INFO - 
================================================================================
DAG File Processing Stats

File Path                             PID    Runtime      # DAGs    # Errors  Last Runtime    Last Run
------------------------------------  -----  ---------  --------  ----------  --------------  -------------------
/opt/airflow/dags/csv_to_postgres.py                           1           0  0.29s           2025-05-07T12:02:19
================================================================================
[2025-05-07T12:02:57.032+0000] {manager.py:851} INFO - 
================================================================================
DAG File Processing Stats

File Path                             PID    Runtime      # DAGs    # Errors  Last Runtime    Last Run
------------------------------------  -----  ---------  --------  ----------  --------------  -------------------
/opt/airflow/dags/csv_to_postgres.py                           1           0  0.30s           2025-05-07T12:02:50
================================================================================
[2025-05-07T12:03:27.508+0000] {manager.py:851} INFO - 
================================================================================
DAG File Processing Stats

File Path                             PID    Runtime      # DAGs    # Errors  Last Runtime    Last Run
------------------------------------  -----  ---------  --------  ----------  --------------  -------------------
/opt/airflow/dags/csv_to_postgres.py                           1           0  0.35s           2025-05-07T12:03:20
================================================================================
[2025-05-07T12:03:58.064+0000] {manager.py:851} INFO - 
================================================================================
DAG File Processing Stats

File Path                             PID    Runtime      # DAGs    # Errors  Last Runtime    Last Run
------------------------------------  -----  ---------  --------  ----------  --------------  -------------------
/opt/airflow/dags/csv_to_postgres.py                           1           0  0.29s           2025-05-07T12:03:51
================================================================================
[2025-05-07T12:04:28.591+0000] {manager.py:851} INFO - 
================================================================================
DAG File Processing Stats

File Path                             PID    Runtime      # DAGs    # Errors  Last Runtime    Last Run
------------------------------------  -----  ---------  --------  ----------  --------------  -------------------
/opt/airflow/dags/csv_to_postgres.py                           1           0  0.20s           2025-05-07T12:04:21
================================================================================
