[2025-05-07T12:00:31.039+0000] {taskinstance.py:1087} INFO - Dependencies all met for <TaskInstance: csv_to_postgres.load_csv_to_postgres manual__2025-05-07T12:00:30.217469+00:00 [queued]>
[2025-05-07T12:00:31.047+0000] {taskinstance.py:1087} INFO - Dependencies all met for <TaskInstance: csv_to_postgres.load_csv_to_postgres manual__2025-05-07T12:00:30.217469+00:00 [queued]>
[2025-05-07T12:00:31.047+0000] {taskinstance.py:1283} INFO - 
--------------------------------------------------------------------------------
[2025-05-07T12:00:31.048+0000] {taskinstance.py:1284} INFO - Starting attempt 1 of 2
[2025-05-07T12:00:31.048+0000] {taskinstance.py:1285} INFO - 
--------------------------------------------------------------------------------
[2025-05-07T12:00:31.057+0000] {taskinstance.py:1304} INFO - Executing <Task(PythonOperator): load_csv_to_postgres> on 2025-05-07 12:00:30.217469+00:00
[2025-05-07T12:00:31.062+0000] {standard_task_runner.py:55} INFO - Started process 209 to run task
[2025-05-07T12:00:31.064+0000] {standard_task_runner.py:82} INFO - Running: ['***', 'tasks', 'run', 'csv_to_postgres', 'load_csv_to_postgres', 'manual__2025-05-07T12:00:30.217469+00:00', '--job-id', '25', '--raw', '--subdir', 'DAGS_FOLDER/csv_to_postgres.py', '--cfg-path', '/tmp/tmpe4ofwt_p']
[2025-05-07T12:00:31.065+0000] {standard_task_runner.py:83} INFO - Job 25: Subtask load_csv_to_postgres
[2025-05-07T12:00:31.074+0000] {logging_mixin.py:137} WARNING - /home/***/.local/lib/python3.7/site-packages/***/settings.py:249 DeprecationWarning: The sql_alchemy_conn option in [core] has been moved to the sql_alchemy_conn option in [database] - the old setting has been used, but please update your config.
[2025-05-07T12:00:31.110+0000] {task_command.py:389} INFO - Running <TaskInstance: csv_to_postgres.load_csv_to_postgres manual__2025-05-07T12:00:30.217469+00:00 [running]> on host 28a14a17ce1c
[2025-05-07T12:00:31.372+0000] {taskinstance.py:1513} INFO - Exporting the following env vars:
AIRFLOW_CTX_DAG_OWNER=***
AIRFLOW_CTX_DAG_ID=csv_to_postgres
AIRFLOW_CTX_TASK_ID=load_csv_to_postgres
AIRFLOW_CTX_EXECUTION_DATE=2025-05-07T12:00:30.217469+00:00
AIRFLOW_CTX_TRY_NUMBER=1
AIRFLOW_CTX_DAG_RUN_ID=manual__2025-05-07T12:00:30.217469+00:00
[2025-05-07T12:00:31.380+0000] {base.py:73} INFO - Using connection ID 'postgres_default' for task execution.
[2025-05-07T12:00:31.384+0000] {logging_mixin.py:137} INFO - Successfully loaded 5 records to PostgreSQL
[2025-05-07T12:00:31.384+0000] {python.py:177} INFO - Done. Returned value was: None
[2025-05-07T12:00:31.389+0000] {taskinstance.py:1327} INFO - Marking task as SUCCESS. dag_id=csv_to_postgres, task_id=load_csv_to_postgres, execution_date=20250507T120030, start_date=20250507T120031, end_date=20250507T120031
[2025-05-07T12:00:31.407+0000] {local_task_job.py:159} INFO - Task exited with return code 0
[2025-05-07T12:00:31.416+0000] {taskinstance.py:2582} INFO - 0 downstream tasks scheduled from follow-on schedule check
